Log file open, 08/29/17 16:46:56
LogWindows: LoadLibraryWithSearchPaths failed for file aqProf.dll. GetLastError=0
LogWindows: LoadLibraryWithSearchPaths failed for file VSPerf140.dll. GetLastError=0
LogWindows: LoadLibraryWithSearchPaths failed for file VtuneApi.dll. GetLastError=0
LogWindows: LoadLibraryWithSearchPaths failed for file VtuneApi32e.dll. GetLastError=0
LogInit: Display: Running engine for game: MyProject_kitamura
LogPlatformFile: Not using cached read wrapper
LogInit: Display: RandInit(707877322) SRandInit(707877322).
LogTaskGraph: Started task graph with 5 named threads and 14 total threads with 3 sets of task threads.
LogStats: Stats thread started at 0.189180
LogD3D11RHI: Aftermath initialized
LogPluginManager: Mounting plugin Paper2D
LogPluginManager: Mounting plugin LightPropagationVolume
LogPluginManager: Mounting plugin CodeLiteSourceCodeAccess
LogPluginManager: Mounting plugin GitSourceControl
LogPluginManager: Mounting plugin KDevelopSourceCodeAccess
LogPluginManager: Mounting plugin NullSourceCodeAccess
LogPluginManager: Mounting plugin PerforceSourceControl
LogPluginManager: Mounting plugin SubversionSourceControl
LogPluginManager: Mounting plugin UObjectPlugin
LogPluginManager: Mounting plugin VisualStudioSourceCodeAccess
LogPluginManager: Mounting plugin XCodeSourceCodeAccess
LogPluginManager: Mounting plugin AssetManagerEditor
LogPluginManager: Mounting plugin AudioCapture
LogPluginManager: Mounting plugin FacialAnimation
LogPluginManager: Mounting plugin GameplayTagsEditor
LogPluginManager: Mounting plugin MobileLauncherProfileWizard
LogPluginManager: Mounting plugin PluginBrowser
LogPluginManager: Mounting plugin SpeedTreeImporter
LogPluginManager: Mounting plugin AlembicImporter
LogPluginManager: Mounting plugin CharacterAI
LogPluginManager: Mounting plugin HTML5Networking
LogPluginManager: Mounting plugin AndroidMedia
LogPluginManager: Mounting plugin AvfMedia
LogPluginManager: Mounting plugin MediaPlayerEditor
LogPluginManager: Mounting plugin WmfMedia
LogPluginManager: Mounting plugin TcpMessaging
LogPluginManager: Mounting plugin UdpMessaging
LogPluginManager: Mounting plugin LevelSequenceEditor
LogPluginManager: Mounting plugin MatineeToLevelSequence
LogPluginManager: Mounting plugin OnlineSubsystemGooglePlay
LogPluginManager: Mounting plugin OnlineSubsystemIOS
LogPluginManager: Mounting plugin OnlineSubsystem
LogPluginManager: Mounting plugin OnlineSubsystemNull
LogPluginManager: Mounting plugin OnlineSubsystemUtils
LogPluginManager: Mounting plugin AndroidDeviceProfileSelector
LogPluginManager: Mounting plugin AndroidMoviePlayer
LogPluginManager: Mounting plugin AndroidPermission
LogPluginManager: Mounting plugin AppleMoviePlayer
LogPluginManager: Mounting plugin ArchVisCharacter
LogPluginManager: Mounting plugin CableComponent
LogPluginManager: Mounting plugin CustomMeshComponent
LogPluginManager: Mounting plugin ExampleDeviceProfileSelector
LogPluginManager: Mounting plugin GoogleCloudMessaging
LogPluginManager: Mounting plugin ImmediatePhysics
LogPluginManager: Mounting plugin IOSDeviceProfileSelector
LogPluginManager: Mounting plugin LinuxDeviceProfileSelector
LogPluginManager: Mounting plugin LocationServicesBPLibrary
LogPluginManager: Mounting plugin MobilePatchingUtils
LogPluginManager: Mounting plugin OculusVR
LogPluginManager: Mounting plugin PhysXVehicles
LogPluginManager: Mounting plugin ProceduralMeshComponent
LogPluginManager: Mounting plugin RuntimePhysXCooking
LogPluginManager: Mounting plugin SteamVR
LogPluginManager: Mounting plugin WindowsMoviePlayer
LogInit: Using libcurl 7.47.1
LogInit:  - built for x86_64-pc-win32
LogInit:  - supports SSL with OpenSSL/1.0.2g
LogInit:  - supports HTTP deflate (compression) using libz 1.2.8
LogInit:  - other features:
LogInit:      CURL_VERSION_SSL
LogInit:      CURL_VERSION_LIBZ
LogInit:      CURL_VERSION_IPV6
LogInit:      CURL_VERSION_ASYNCHDNS
LogInit:      CURL_VERSION_LARGEFILE
LogInit:      CURL_VERSION_IDN
LogInit:  CurlRequestOptions (configurable via config and command line):
LogInit:  - bVerifyPeer = false  - Libcurl will NOT verify peer certificate
LogInit:  - bUseHttpProxy = false  - Libcurl will NOT use HTTP proxy
LogInit:  - bDontReuseConnections = false  - Libcurl will reuse connections
LogInit:  - CertBundlePath = nullptr  - Libcurl will use whatever was configured at build time.
LogInit: Build: ++UE4+Release-4.17-CL-3586342
LogInit: Engine Version: 4.17.1-3586342+++UE4+Release-4.17
LogInit: Compatible Engine Version: 4.17.0-3573198+++UE4+Release-4.17
LogInit: Net CL: 3573198
LogDevObjectVersion: Number of dev versions registered: 16
LogDevObjectVersion:   Dev-Blueprints (B0D832E4-1F89-4F0D-ACCF-7EB736FD4AA2): 10
LogDevObjectVersion:   Dev-Build (E1C64328-A22C-4D53-A36C-8E866417BD8C): 0
LogDevObjectVersion:   Dev-Core (375EC13C-06E4-48FB-B500-84F0262A717E): 2
LogDevObjectVersion:   Dev-Editor (E4B068ED-F494-42E9-A231-DA0B2E46BB41): 20
LogDevObjectVersion:   Dev-Framework (CFFC743F-43B0-4480-9391-14DF171D2073): 28
LogDevObjectVersion:   Dev-Mobile (B02B49B5-BB20-44E9-A304-32B752E40360): 0
LogDevObjectVersion:   Dev-Networking (A4E4105C-59A1-49B5-A7C5-40C4547EDFEE): 0
LogDevObjectVersion:   Dev-Online (39C831C9-5AE6-47DC-9A44-9C173E1C8E7C): 0
LogDevObjectVersion:   Dev-Physics (78F01B33-EBEA-4F98-B9B4-84EACCB95AA2): 0
LogDevObjectVersion:   Dev-Platform (6631380F-2D4D-43E0-8009-CF276956A95A): 0
LogDevObjectVersion:   Dev-Rendering (12F88B9F-8875-4AFC-A67C-D90C383ABD29): 19
LogDevObjectVersion:   Dev-Sequencer (7B5AE74C-D270-4C10-A958-57980B212A5A): 4
LogDevObjectVersion:   Dev-VR (D7296918-1DD6-4BDD-9DE2-64A83CC13884): 0
LogDevObjectVersion:   Dev-LoadTimes (C2A15278-BFE7-4AFE-6C17-90FF531DF755): 1
LogDevObjectVersion:   Private-Geometry (6EACA3D4-40EC-4CC1-B786-8BED09428FC5): 1
LogDevObjectVersion:   Dev-AnimPhys (29E575DD-E0A3-4627-9D10-D276232CDCEA): 7
LogInit: Compiled (64-bit): Aug 15 2017 02:05:26
LogInit: Compiled with Visual C++: 19.00.24215.01
LogInit: Build Configuration: Development
LogInit: Branch Name: ++UE4+Release-4.17
LogInit: Command line:  
LogInit: Base directory: D:/Program Files/Epic Games/UE_4.17/Engine/Binaries/Win64/
LogInit: Installed Engine Build: 1
LogInit: Presizing for max 8388607 objects, including 0 objects not considered by GC, pre-allocating 0 bytes for permanent pool.
LogInit: Object subsystem initialized
[2017.08.29-07.46.57:051][  0]LogInit: Selected Device Profile: [Windows]
[2017.08.29-07.46.57:051][  0]LogInit: Applying CVar settings loaded from the selected device profile: [Windows]
[2017.08.29-07.46.57:080][  0]LogInit: Computer: PC1134
[2017.08.29-07.46.57:080][  0]LogInit: User: intern11341
[2017.08.29-07.46.57:080][  0]LogInit: CPU Page size=4096, Cores=4
[2017.08.29-07.46.57:080][  0]LogInit: High frequency timer resolution =3.605000 MHz
[2017.08.29-07.46.57:080][  0]LogMemory: Memory total: Physical=31.9GB (32GB approx)
[2017.08.29-07.46.57:080][  0]LogMemory: Platform Memory Stats for Windows
[2017.08.29-07.46.57:080][  0]LogMemory: Process Physical Memory: 280.04 MB used, 280.04 MB peak
[2017.08.29-07.46.57:080][  0]LogMemory: Process Virtual Memory: 277.14 MB used, 277.14 MB peak
[2017.08.29-07.46.57:080][  0]LogMemory: Physical Memory: 4917.36 MB used,  27773.02 MB free, 32690.38 MB total
[2017.08.29-07.46.57:080][  0]LogMemory: Virtual Memory: 655.09 MB used,  27773.02 MB free, 8388608.00 MB total
[2017.08.29-07.46.57:291][  0]LogInit: Using OS detected language (ja-JP).
[2017.08.29-07.46.57:291][  0]LogInit: Using OS detected locale (ja-JP).
[2017.08.29-07.46.57:303][  0]LogTextLocalizationManager: No specific localization for 'ja-JP' exists, so the 'ja' localization will be used.
[2017.08.29-07.46.58:125][  0]LogD3D11RHI: D3D11 adapters:
[2017.08.29-07.46.58:162][  0]LogD3D11RHI:    0. 'NVIDIA GeForce GTX 1080' (Feature Level 11_0)
[2017.08.29-07.46.58:162][  0]LogD3D11RHI:       8069/0/16089 MB DedicatedVideo/DedicatedSystem/SharedSystem, Outputs:1, VendorId:0x10de
[2017.08.29-07.46.58:162][  0]LogD3D11RHI: Chosen D3D11 Adapter: 0
[2017.08.29-07.46.58:171][  0]LogD3D11RHI: Creating new Direct3DDevice
[2017.08.29-07.46.58:171][  0]LogD3D11RHI:     GPU DeviceId: 0x1b80 (for the marketing name, search the web for "GPU Device Id")
[2017.08.29-07.46.58:171][  0]LogWindows: EnumDisplayDevices:
[2017.08.29-07.46.58:171][  0]LogWindows:    0. 'NVIDIA GeForce GTX 1080' (P:1 D:1)
[2017.08.29-07.46.58:172][  0]LogWindows:    1. 'NVIDIA GeForce GTX 1080' (P:0 D:0)
[2017.08.29-07.46.58:172][  0]LogWindows:    2. 'NVIDIA GeForce GTX 1080' (P:0 D:0)
[2017.08.29-07.46.58:172][  0]LogWindows:    3. 'NVIDIA GeForce GTX 1080' (P:0 D:0)
[2017.08.29-07.46.58:173][  0]LogWindows:    4. 'RDPDD Chained DD' (P:0 D:0)
[2017.08.29-07.46.58:173][  0]LogWindows:    5. 'RDP Encoder Mirror Driver' (P:0 D:0)
[2017.08.29-07.46.58:173][  0]LogWindows:    6. 'RDP Reflector Display Driver' (P:0 D:0)
[2017.08.29-07.46.58:173][  0]LogWindows: DebugString: GetVideoDriverDetailsInvalid PrimaryIsNotTheChoosenAdapter GetVideoDriverDetailsInvalid PrimaryIsNotTheChoosenAdapter GetVideoDriverDetailsInvalid PrimaryIsNotTheChoosenAdapter FoundDriverCount:4 
[2017.08.29-07.46.58:173][  0]LogD3D11RHI:     Adapter Name: NVIDIA GeForce GTX 1080
[2017.08.29-07.46.58:173][  0]LogD3D11RHI:   Driver Version: 384.94 (internal:22.21.13.8494, unified:384.94)
[2017.08.29-07.46.58:173][  0]LogD3D11RHI:      Driver Date: 7-18-2017
[2017.08.29-07.46.58:173][  0]LogRHI: Texture pool is 1361 MB (70% of 1945 MB)
[2017.08.29-07.46.58:188][  0]LogD3D11RHI: Async texture creation enabled
[2017.08.29-07.46.58:206][  0]LogD3D11RHI: GPU Timing Frequency: 1000.000000 (Debug: 2 2)
[2017.08.29-07.46.58:249][  0]LogShaderCompilers: Guid format shader working directory is -28 characters bigger than the processId version (../../../../../../Users/intern1134_1/Documents/Unreal Projects/MyProject_kitamura/Intermediate/Shaders/WorkingDirectory/1144/).
[2017.08.29-07.46.58:250][  0]LogShaderCompilers: Cleaned the shader compiler working directory 'C:/Users/intern1134_1/AppData/Local/Temp/UnrealShaderWorkingDir/36B17AAC49828833245DF08CD55BA798/'.
[2017.08.29-07.46.58:250][  0]LogShaderCompilers: Display: Using Local Shader Compiler.
[2017.08.29-07.46.59:540][  0]LogTemp: Display: Loaded TP AllDesktopTargetPlatform
[2017.08.29-07.46.59:604][  0]LogTemp: Display: Loaded TP MacClientTargetPlatform
[2017.08.29-07.46.59:691][  0]LogTemp: Display: Loaded TP MacNoEditorTargetPlatform
[2017.08.29-07.46.59:773][  0]LogTemp: Display: Loaded TP MacServerTargetPlatform
[2017.08.29-07.46.59:848][  0]LogTemp: Display: Loaded TP MacTargetPlatform
[2017.08.29-07.46.59:910][  0]LogTemp: Display: Loaded TP WindowsClientTargetPlatform
[2017.08.29-07.46.59:973][  0]LogTemp: Display: Loaded TP WindowsNoEditorTargetPlatform
[2017.08.29-07.47.00:019][  0]LogTemp: Display: Loaded TP WindowsServerTargetPlatform
[2017.08.29-07.47.00:065][  0]LogTemp: Display: Loaded TP WindowsTargetPlatform
[2017.08.29-07.47.00:126][  0]LogTemp: Display: Loaded TP AndroidTargetPlatform
[2017.08.29-07.47.00:171][  0]LogTemp: Display: Loaded TP Android_ASTCTargetPlatform
[2017.08.29-07.47.00:245][  0]LogTemp: Display: Loaded TP Android_ATCTargetPlatform
[2017.08.29-07.47.00:309][  0]LogTemp: Display: Loaded TP Android_DXTTargetPlatform
[2017.08.29-07.47.00:371][  0]LogTemp: Display: Loaded TP Android_ETC1TargetPlatform
[2017.08.29-07.47.00:432][  0]LogTemp: Display: Loaded TP Android_ETC2TargetPlatform
[2017.08.29-07.47.00:533][  0]LogTemp: Display: Loaded TP Android_MultiTargetPlatform
[2017.08.29-07.47.00:533][  0]LogTemp: Display: Loaded TP Android_PVRTCTargetPlatform
[2017.08.29-07.47.00:574][  0]LogTemp: Display: Loaded TP HTML5TargetPlatform
[2017.08.29-07.47.00:686][  0]LogTemp: Display: Loaded TP IOSTargetPlatform
[2017.08.29-07.47.00:716][  0]LogTemp: Display: Loaded TP TVOSTargetPlatform
[2017.08.29-07.47.00:789][  0]LogTemp: Display: Loaded TP LinuxClientTargetPlatform
[2017.08.29-07.47.00:849][  0]LogTemp: Display: Loaded TP LinuxNoEditorTargetPlatform
[2017.08.29-07.47.00:904][  0]LogTemp: Display: Loaded TP LinuxServerTargetPlatform
[2017.08.29-07.47.00:968][  0]LogTemp: Display: Loaded TP LinuxTargetPlatform
[2017.08.29-07.47.00:968][  0]LogTargetPlatformManager: Display: Building Assets For Windows
[2017.08.29-07.47.01:437][  0]LogDerivedDataCache: Display: Max Cache Size: 512 MB
[2017.08.29-07.47.01:559][  0]LogDerivedDataCache: Loaded boot cache 0.12s 93MB C:/Users/intern1134_1/AppData/Local/UnrealEngine/4.17/DerivedDataCache/Boot.ddc.
[2017.08.29-07.47.01:559][  0]LogDerivedDataCache: Display: Loaded Boot cache: C:/Users/intern1134_1/AppData/Local/UnrealEngine/4.17/DerivedDataCache/Boot.ddc
[2017.08.29-07.47.01:559][  0]LogDerivedDataCache: FDerivedDataBackendGraph:  Pak pak cache file ../../../../../../Users/intern1134_1/Documents/Unreal Projects/MyProject_kitamura/DerivedDataCache/DDC.ddp not found, will not use a pak cache.
[2017.08.29-07.47.01:559][  0]LogDerivedDataCache: Unable to find inner node Pak for hierarchical cache Hierarchy.
[2017.08.29-07.47.01:559][  0]LogDerivedDataCache: FDerivedDataBackendGraph:  CompressedPak pak cache file ../../../../../../Users/intern1134_1/Documents/Unreal Projects/MyProject_kitamura/DerivedDataCache/Compressed.ddp not found, will not use a pak cache.
[2017.08.29-07.47.01:559][  0]LogDerivedDataCache: Unable to find inner node CompressedPak for hierarchical cache Hierarchy.
[2017.08.29-07.47.01:602][  0]LogDerivedDataCache: Display: Pak cache opened for reading ../../../Engine/DerivedDataCache/Compressed.ddp.
[2017.08.29-07.47.01:614][  0]LogDerivedDataCache: Using Local data cache path C:/Users/intern1134_1/AppData/Local/UnrealEngine/Common/DerivedDataCache: Writable
[2017.08.29-07.47.01:626][  0]LogMaterial: Verifying Global Shaders for PCD3D_SM5
[2017.08.29-07.47.01:626][  0]LogSlate: Using Freetype 2.6.0
[2017.08.29-07.47.01:629][  0]LogSlate: SlateFontCache - WITH_FREETYPE: 1, WITH_HARFBUZZ: 1
[2017.08.29-07.47.01:629][  0]LogSlate: SlateFontCache - WITH_FREETYPE: 1, WITH_HARFBUZZ: 1
[2017.08.29-07.47.02:256][  0]LogAssetRegistry: FAssetRegistry took 0.0278 seconds to start up
[2017.08.29-07.47.02:444][  0]LogInit: Selected Device Profile: [Windows]
[2017.08.29-07.47.02:449][  0]LogContentStreaming: Texture pool size is 0.00 MB
[2017.08.29-07.47.02:916][  0]LogSimplygon: Simplygon DLL not present - disabling.
[2017.08.29-07.47.02:957][  0]LogMeshReduction: Using SimplygonSwarm for distributed automatic mesh merging
[2017.08.29-07.47.02:957][  0]LogMeshReduction: Using QuadricMeshReduction for automatic static mesh reduction
[2017.08.29-07.47.02:957][  0]LogMeshReduction: No automatic skeletal mesh reduction module available
[2017.08.29-07.47.02:957][  0]LogMeshReduction: No automatic mesh merging module available
[2017.08.29-07.47.02:957][  0]LogMeshMerging: No automatic mesh merging module available
[2017.08.29-07.47.03:537][  0]LogNetVersion: MyProject_kitamura , NetCL: 3573198, EngineNetVer: 2, GameNetVer: 0 (Checksum: 483696640)
[2017.08.29-07.47.03:894][  0]LogPackageLocalizationCache: Processed 5 localized package path(s) for 2 prioritized culture(s) in 0.065520 seconds
[2017.08.29-07.47.03:901][  0]LogUObjectArray: 35825 objects as part of root set at end of initial load.
[2017.08.29-07.47.03:901][  0]LogUObjectAllocator: 7529112 out of 0 bytes used by permanent object pool.
[2017.08.29-07.47.03:901][  0]LogUObjectArray: CloseDisregardForGC: 0/0 objects in disregard for GC pool
[2017.08.29-07.47.03:952][  0]LogInit: WinSock: version 1.1 (2.2), MaxSocks=32767, MaxUdp=65467
[2017.08.29-07.47.08:916][  0]LogTcpMessaging: Initializing TcpMessaging bridge
[2017.08.29-07.47.08:946][  0]LogUdpMessaging: Initializing bridge on interface 0.0.0.0:0 to multicast group 230.0.0.1:6666.
[2017.08.29-07.47.09:637][  0]LogMaterial: Uniform references updated for custom material expression Custom.
[2017.08.29-07.47.10:182][  0]SourceControl: ソースコントロールは無効です
[2017.08.29-07.47.10:182][  0]SourceControl: ソースコントロールは無効です
[2017.08.29-07.47.10:227][  0]SourceControl: ソースコントロールは無効です
[2017.08.29-07.47.10:269][  0]SourceControl: ソースコントロールは無効です
[2017.08.29-07.47.10:794][  0]LogAndroidPermission: UAndroidPermissionCallbackProxy::GetInstance
[2017.08.29-07.47.11:123][  0]LogOcInput: OculusInput pre-init called
[2017.08.29-07.47.11:475][  0]LogEngine: Initializing Engine...
[2017.08.29-07.47.11:479][  0]LogHMD: Failed to initialize OpenVR with code 110
[2017.08.29-07.47.11:827][  0]LogStats: UGameplayTagsManager::ConstructGameplayTagTree: Construct from data asset -  0.000 s
[2017.08.29-07.47.11:827][  0]LogStats: UGameplayTagsManager::ConstructGameplayTagTree: GameplayTagTreeChangedEvent.Broadcast -  0.000 s
[2017.08.29-07.47.11:955][  0]LogAIModule: Creating AISystem for world Untitled
[2017.08.29-07.47.11:964][  0]LogInit: XAudio2 using 'スピーカー / ヘッドホン (Realtek Audio)' : 2 channels at 48 kHz using 32 bits per sample (channel mask 0x3)
[2017.08.29-07.47.12:042][  0]LogInit: FAudioDevice initialized.
[2017.08.29-07.47.12:362][  0]LogDerivedDataCache: Saved boot cache 0.32s 93MB C:/Users/intern1134_1/AppData/Local/UnrealEngine/4.17/DerivedDataCache/Boot.ddc.
[2017.08.29-07.47.12:393][  0]LogInit: Texture streaming: Enabled
[2017.08.29-07.47.12:494][  0]LogEngineSessionManager: EngineSessionManager initialized
[2017.08.29-07.47.12:712][  0]LogInit: Transaction tracking system initialized
[2017.08.29-07.47.13:006][  0]BlueprintLog: New page: エディタの読み込み
[2017.08.29-07.47.13:775][  0]LocalizationService: ローカライズのサービスが無効になりました
[2017.08.29-07.47.14:312][  0]LogConsoleResponse: Display: 
[2017.08.29-07.47.14:493][  0]LogCook: Display: Max memory allowance for cook 16384mb min free memory 0mb
[2017.08.29-07.47.14:493][  0]LogCook: Display: Mobile HDR setting 1
[2017.08.29-07.47.14:493][  0]LogGameplayTags: Display: UGameplayTagsManager::DoneAddingNativeTags. DelegateIsBound: 0
[2017.08.29-07.47.15:220][  0]LogFileCache: Scanning file cache for directory 'D:/Users/intern1134_1/Documents/Unreal Projects/MyProject_kitamura/Content/' took 0.01s
[2017.08.29-07.47.15:267][  0]SourceControl: ソースコントロールは無効です
[2017.08.29-07.47.15:267][  0]Cmd: MAP LOAD FILE="../../../../../../Users/intern1134_1/Documents/Unreal Projects/MyProject_kitamura/Content/ThirdPersonBP/Maps/ThirdPersonExampleMap.umap" TEMPLATE=0 SHOWPROGRESS=1 FEATURELEVEL=3
[2017.08.29-07.47.15:267][  0]LightingResults: New page: ライティングのビルド
[2017.08.29-07.47.15:305][  0]MapCheck: New page: マップをチェック
[2017.08.29-07.47.15:305][  0]LightingResults: New page: <何も選択されていません>
[2017.08.29-07.47.16:039][  0]LogAIModule: Creating AISystem for world ThirdPersonExampleMap
[2017.08.29-07.47.16:051][  0]LogEditorServer: Finished looking for orphan Actors (0.000 secs)
[2017.08.29-07.47.16:084][  0]Cmd: MAP CHECKDEP NOCLEARLOG
[2017.08.29-07.47.16:238][  0]MapCheck: マップチェックが完了: 0 エラー、 0 警告、完了に 154.191ミリ秒かかりました。
[2017.08.29-07.47.16:238][  0]LogFileHelpers: Loading map 'ThirdPersonExampleMap' took 0.972
[2017.08.29-07.47.16:389][  0]LogCollectionManager: Loaded 0 collections in 0.000977 seconds
[2017.08.29-07.47.16:509][  0]LogFileCache: Scanning file cache for directory 'D:/Users/intern1134_1/Documents/Unreal Projects/MyProject_kitamura/Saved/Collections/' took 0.01s
[2017.08.29-07.47.16:509][  0]LogFileCache: Scanning file cache for directory 'D:/Users/intern1134_1/Documents/Unreal Projects/MyProject_kitamura/Content/Developers/intern11341/Collections/' took 0.01s
[2017.08.29-07.47.16:509][  0]LogFileCache: Scanning file cache for directory 'D:/Users/intern1134_1/Documents/Unreal Projects/MyProject_kitamura/Content/Collections/' took 0.01s
[2017.08.29-07.47.16:509][  0]LogCollectionManager: Rebuilt the GUID cache for 0 collections in 0.000001 seconds
[2017.08.29-07.47.16:531][  0]LogContentBrowser: Native class hierarchy populated in 0.0215 seconds. Added 2386 classes and 500 folders.
[2017.08.29-07.47.16:617][  0]LogContentBrowser: Native class hierarchy updated for 'WidgetCarousel' in 0.0014 seconds. Added 0 classes and 0 folders.
[2017.08.29-07.47.16:704][  0]LogContentBrowser: Native class hierarchy updated for 'AddContentDialog' in 0.0011 seconds. Added 0 classes and 0 folders.
[2017.08.29-07.47.16:751][  0]LogContentBrowser: Native class hierarchy updated for 'SceneOutliner' in 0.0010 seconds. Added 1 classes and 2 folders.
[2017.08.29-07.47.16:771][  0]LogSlate: Took 0.000650 seconds to synchronously load lazily loaded font '../../../Engine/Content/Slate/Fonts/Roboto-Regular.ttf' (155K)
[2017.08.29-07.47.16:778][  0]LogSlate: Took 0.004753 seconds to synchronously load lazily loaded font '../../../Engine/Content/Slate/Fonts/DroidSansFallback.ttf' (3848K)
[2017.08.29-07.47.16:780][  0]LogSlate: Took 0.000856 seconds to synchronously load lazily loaded font '../../../Engine/Content/Slate/Fonts/Roboto-Bold.ttf' (160K)
[2017.08.29-07.47.16:785][  0]LogSlate: Took 0.000583 seconds to synchronously load lazily loaded font '../../../Engine/Content/Editor/Slate/Fonts/FontAwesome.ttf' (139K)
[2017.08.29-07.47.16:909][  0]LogRenderer: Reallocating scene render targets to support 1236x584 Format 10 NumSamples 1 (Frame:1).
[2017.08.29-07.47.17:127][  0]LogContentBrowser: Native class hierarchy updated for 'HierarchicalLODOutliner' in 0.0007 seconds. Added 1 classes and 2 folders.
[2017.08.29-07.47.17:127][  0]LogLoad: (Engine Initialization) Total time: 22.29 seconds
[2017.08.29-07.47.17:127][  0]LogLoad: (Engine Initialization) Total Blueprint compile time: 0.00 seconds
[2017.08.29-07.47.17:127][  0]LogExternalProfiler: No external profilers were discovered.  External profiling features will not be available.
[2017.08.29-07.47.17:157][  0]LogContentStreaming: Texture pool size now 1000 MB
[2017.08.29-07.47.17:194][  0]LogSlate: Took 0.000875 seconds to synchronously load lazily loaded font '../../../Engine/Content/Slate/Fonts/Roboto-Light.ttf' (159K)
[2017.08.29-07.47.17:213][  1]LogAssetRegistry: Asset discovery search completed in 14.9774 seconds
[2017.08.29-07.47.17:215][  1]LogCollectionManager: Rebuilt the object cache for 0 collections in 0.000001 seconds (found 0 objects)
[2017.08.29-07.47.17:215][  1]LogCollectionManager: Fixed up redirectors for 0 collections in 0.000056 seconds (updated 0 objects)
[2017.08.29-07.47.23:408][727]LogTemp: Repeating last play command: 選択ビューポート
[2017.08.29-07.47.23:437][727]LogBlueprintUserMessages: Early PlayInEditor Detection: Level '/Game/ThirdPersonBP/Maps/ThirdPersonExampleMap.ThirdPersonExampleMap:PersistentLevel' has LevelScriptBlueprint '/Game/ThirdPersonBP/Maps/ThirdPersonExampleMap.ThirdPersonExampleMap:PersistentLevel.ThirdPersonExampleMap' with GeneratedClass '/Game/ThirdPersonBP/Maps/ThirdPersonExampleMap.ThirdPersonExampleMap_C' with ClassGeneratedBy '/Game/ThirdPersonBP/Maps/ThirdPersonExampleMap.ThirdPersonExampleMap:PersistentLevel.ThirdPersonExampleMap'
[2017.08.29-07.47.23:437][727]LogPlayLevel: PlayLevel: No blueprints needed recompiling
[2017.08.29-07.47.23:438][727]PIE: New page: PIEセッション: ThirdPersonExampleMap (2017/08/30 1:47:23)
[2017.08.29-07.47.23:438][727]LogPlayLevel: Creating play world package: /Game/ThirdPersonBP/Maps/UEDPIE_0_ThirdPersonExampleMap
[2017.08.29-07.47.23:456][727]LogPlayLevel: PIE: StaticDuplicateObject took: (0.017979s)
[2017.08.29-07.47.23:457][727]LogAIModule: Creating AISystem for world ThirdPersonExampleMap
[2017.08.29-07.47.23:457][727]LogPlayLevel: PIE: World Init took: (0.000924s)
[2017.08.29-07.47.23:457][727]LogPlayLevel: PIE: Created PIE world by copying editor world from /Game/ThirdPersonBP/Maps/ThirdPersonExampleMap.ThirdPersonExampleMap to /Game/ThirdPersonBP/Maps/UEDPIE_0_ThirdPersonExampleMap.ThirdPersonExampleMap (0.019293s)
[2017.08.29-07.47.23:470][727]LogInit: XAudio2 using 'スピーカー / ヘッドホン (Realtek Audio)' : 2 channels at 48 kHz using 32 bits per sample (channel mask 0x3)
[2017.08.29-07.47.23:478][727]LogInit: FAudioDevice initialized.
[2017.08.29-07.47.23:531][727]LogLoad: Game class is 'ThirdPersonGameMode_C'
[2017.08.29-07.47.23:537][727]LogWorld: Bringing World /Game/ThirdPersonBP/Maps/UEDPIE_0_ThirdPersonExampleMap.ThirdPersonExampleMap up for play (max tick rate 0) at 2017.08.29-16.47.23
[2017.08.29-07.47.23:538][727]LogWorld: Bringing up level for play took: 0.004026
[2017.08.29-07.47.23:592][727]LogContentBrowser: Native class hierarchy updated for 'MovieSceneCapture' in 0.0006 seconds. Added 11 classes and 0 folders.
[2017.08.29-07.47.23:594][727]PIE: /Game/ThirdPersonBP/Maps/UEDPIE_0_ThirdPersonExampleMap 1.037のプレイ イン エディタの開始時間
[2017.08.29-07.47.23:594][727]LogBlueprintUserMessages: Late PlayInEditor Detection: Level '/Game/ThirdPersonBP/Maps/ThirdPersonExampleMap.ThirdPersonExampleMap:PersistentLevel' has LevelScriptBlueprint '/Game/ThirdPersonBP/Maps/ThirdPersonExampleMap.ThirdPersonExampleMap:PersistentLevel.ThirdPersonExampleMap' with GeneratedClass '/Game/ThirdPersonBP/Maps/ThirdPersonExampleMap.ThirdPersonExampleMap_C' with ClassGeneratedBy '/Game/ThirdPersonBP/Maps/ThirdPersonExampleMap.ThirdPersonExampleMap:PersistentLevel.ThirdPersonExampleMap'
[2017.08.29-07.48.10:169][289]LogBlueprintUserMessages: Early EndPlayMap Detection: Level '/Game/ThirdPersonBP/Maps/ThirdPersonExampleMap.ThirdPersonExampleMap:PersistentLevel' has LevelScriptBlueprint '/Game/ThirdPersonBP/Maps/ThirdPersonExampleMap.ThirdPersonExampleMap:PersistentLevel.ThirdPersonExampleMap' with GeneratedClass '/Game/ThirdPersonBP/Maps/ThirdPersonExampleMap.ThirdPersonExampleMap_C' with ClassGeneratedBy '/Game/ThirdPersonBP/Maps/ThirdPersonExampleMap.ThirdPersonExampleMap:PersistentLevel.ThirdPersonExampleMap'
[2017.08.29-07.48.10:200][289]LogBlueprintUserMessages: Late EndPlayMap Detection: Level '/Game/ThirdPersonBP/Maps/ThirdPersonExampleMap.ThirdPersonExampleMap:PersistentLevel' has LevelScriptBlueprint '/Game/ThirdPersonBP/Maps/ThirdPersonExampleMap.ThirdPersonExampleMap:PersistentLevel.ThirdPersonExampleMap' with GeneratedClass '/Game/ThirdPersonBP/Maps/ThirdPersonExampleMap.ThirdPersonExampleMap_C' with ClassGeneratedBy '/Game/ThirdPersonBP/Maps/ThirdPersonExampleMap.ThirdPersonExampleMap:PersistentLevel.ThirdPersonExampleMap'
[2017.08.29-07.48.25:200][715]MapCheck: New page: マップをチェック
[2017.08.29-07.48.25:225][715]Cmd: MAP REBUILD ALLVISIBLE
[2017.08.29-07.48.25:225][715]LogEditorServer: Rebuildmap Clear paths rebuilt
[2017.08.29-07.48.25:305][715]LogMaterial: Missing cached shader map for material FDebugViewModeMaterialProxy WorldGridMaterial, compiling. Is special engine material.
[2017.08.29-07.48.25:312][715]LogMaterial: Missing cached shader map for material FDebugViewModeMaterialProxy MaterialInstanceDynamic_1, compiling. 
[2017.08.29-07.48.25:318][715]LogMaterial: Missing cached shader map for material FDebugViewModeMaterialProxy HelpActorMaterial, compiling. 
[2017.08.29-07.48.25:325][715]LogMaterial: Missing cached shader map for material FDebugViewModeMaterialProxy CubeMaterial, compiling. 
[2017.08.29-07.48.25:331][715]LogMaterial: Missing cached shader map for material FDebugViewModeMaterialProxy DefaultTextMaterialOpaque, compiling. 
[2017.08.29-07.48.25:339][715]LogMaterial: Missing cached shader map for material FDebugViewModeMaterialProxy M_UE4Man_Body, compiling. 
[2017.08.29-07.48.25:349][715]LogMaterial: Missing cached shader map for material FDebugViewModeMaterialProxy M_UE4Man_ChestLogo, compiling. 
[2017.08.29-07.48.25:366][715]LogMaterial: Missing cached shader map for material FDebugViewModeMaterialProxy MatineeCam_mat, compiling. 
[2017.08.29-07.48.25:373][715]LogMaterial: Missing cached shader map for material FDebugViewModeMaterialProxy M_Tech_Hex_Tile, compiling. 
[2017.08.29-07.48.25:993][715]TextureStreamingBuild: Display: Compiling optional shaders took 0.695 seconds.
[2017.08.29-07.48.26:000][715]LogLevel: Display: Export Material TexCoord Scales took 0.007 seconds.
[2017.08.29-07.48.26:005][715]TextureStreamingBuild: Display: Build Texture Streaming took 0.005 seconds.
[2017.08.29-07.48.26:014][715]LightingResults: New page: ライティングのビルド - 2017/08/30 1:48:26
[2017.08.29-07.48.26:045][715]LogSwarmInterface: [OpenConnection] Registering TCP channel ...
[2017.08.29-07.48.26:061][715]LogSwarmInterface: [OpenConnection] Connecting to agent ...
[2017.08.29-07.48.26:068][715]LogSwarmInterface: [TryOpenConnection] Testing the Agent
[2017.08.29-07.48.26:580][715]LogSwarmInterface: [TryOpenConnection] Opening Connection to Agent
[2017.08.29-07.48.26:580][715]LogSwarmInterface: [TryOpenConnection] Local Process ID is 1144
[2017.08.29-07.48.30:529][715]LogStaticLightingSystem: Running Lightmass w/ ImmediateImport mode ENABLED
[2017.08.29-07.48.30:529][715]LogStaticLightingSystem: Running Lightmass w/ ImmediateProcess mode ENABLED
[2017.08.29-07.48.30:529][715]LogStaticLightingSystem: Running Lightmass w/ Sorting mode ENABLED
[2017.08.29-07.48.30:529][715]LogStaticLightingSystem: Running Lightmass w/ Mapping paddings ENABLED
[2017.08.29-07.48.30:529][715]LogStaticLightingSystem: Running Lightmass w/ Mapping debug paddings DISABLED
[2017.08.29-07.48.30:604][715]Cmd: MAP CHECK DONTDISPLAYDIALOG
[2017.08.29-07.48.30:604][715]MapCheck: New page: ThirdPersonExampleMap - 2017/08/30 1:48:30
[2017.08.29-07.48.30:751][715]MapCheck: マップチェックが完了: 0 エラー、 0 警告、完了に 146.641ミリ秒かかりました。
[2017.08.29-07.48.30:772][715]LogEditorBuildUtils: Build time 0:05
[2017.08.29-07.48.36:308][824]Job is a success!
[2017.08.29-07.48.36:656][825]LogSlate: Took 0.001190 seconds to synchronously load lazily loaded font '../../../Engine/Content/Slate/Fonts/Roboto-Light.ttf' (159K)
[2017.08.29-07.48.37:223][825]LogTexture: Display: Building textures: SkyOcclusion1_1 (AutoDXT, 1024X512)
[2017.08.29-07.48.37:223][825]LogTexture: Display: Building textures: HQ_Lightmap1_1 (AutoDXT, 1024X1024)
[2017.08.29-07.48.37:223][825]LogTexture: Display: Building textures: LQ_Lightmap_1_1 (DXT1, 1024X1024)
[2017.08.29-07.48.37:223][825]LogTexture: Display: Building textures: SkyOcclusion1_2 (AutoDXT, 64X32)
[2017.08.29-07.48.37:223][825]LogTexture: Display: Building textures: LQ_Lightmap_1_2 (DXT1, 64X64)
[2017.08.29-07.48.37:223][825]LogTexture: Display: Building textures: HQ_Lightmap1_2 (AutoDXT, 64X64)
[2017.08.29-07.48.37:339][825]LogTexture: Display: Building textures: ShadowMapTexture2D_1 (G8, 32X32)
[2017.08.29-07.48.37:339][825]LogTexture: Display: Building textures: ShadowMapTexture2D_0 (G8, 1024X512)
[2017.08.29-07.48.37:364][825]Lightmass on PC1134: 5.30 sec total, 59 ms importing, 5 ms setup, 1.12 sec photons, 4.09 sec processing, 0 ms extra exporting [6/6 mappings]. Threads: 28.4 sec total, 7.78 sec processing.
[2017.08.29-07.48.37:369][825]LogStaticLightingSystem: Illumination: 11.0 sec (427 ms encoding lightmaps, 112 ms encoding shadowmaps)
[2017.08.29-07.48.37:369][825]LogStaticLightingSystem: Lightmap texture memory:  2.7 MB (2.7 MB streaming, 0.0 MB non-streaming), 4 textures
[2017.08.29-07.48.37:369][825]LogStaticLightingSystem: Shadowmap texture memory: 0.7 MB (0.7 MB streaming, 0.0 MB non-streaming), 2 textures
[2017.08.29-07.48.37:530][825]DumpUnbuiltLightIteractions
[2017.08.29-07.48.37:530][825]Lights with unbuilt interactions: 0
[2017.08.29-07.48.37:530][825]
[2017.08.29-07.48.37:530][825]Primitives with unbuilt interactions: 0
[2017.08.29-07.48.37:540][826]Cmd: MAP CHECK NOTIFYRESULTS
[2017.08.29-07.48.37:540][826]MapCheck: New page: ThirdPersonExampleMap - 2017/08/30 1:48:37
[2017.08.29-07.48.37:667][826]MapCheck: マップチェックが完了: 0 エラー、 0 警告、完了に 127.063ミリ秒かかりました。
[2017.08.29-07.52.29:855][726]LogContentBrowser: Native class hierarchy updated for 'BlueprintGraph' in 0.0023 seconds. Added 113 classes and 0 folders.
[2017.08.29-07.52.30:600][726]LogSlate: Took 0.000826 seconds to synchronously load lazily loaded font '../../../Engine/Content/Slate/Fonts/Roboto-Regular.ttf' (155K)
[2017.08.29-07.52.30:686][726]LogSlate: Took 0.001091 seconds to synchronously load lazily loaded font '../../../Engine/Content/Editor/Slate/Fonts/Roboto-BoldCondensed.ttf' (158K)
[2017.08.29-07.52.30:892][727]LogSlate: Took 0.000674 seconds to synchronously load lazily loaded font '../../../Engine/Content/Editor/Slate/Fonts/Roboto-Italic.ttf' (157K)
[2017.08.29-07.56.55:511][603]LogTemp: Repeating last play command: 選択ビューポート
[2017.08.29-07.56.55:528][603]LogBlueprintUserMessages: Early PlayInEditor Detection: Level '/Game/ThirdPersonBP/Maps/ThirdPersonExampleMap.ThirdPersonExampleMap:PersistentLevel' has LevelScriptBlueprint '/Game/ThirdPersonBP/Maps/ThirdPersonExampleMap.ThirdPersonExampleMap:PersistentLevel.ThirdPersonExampleMap' with GeneratedClass '/Game/ThirdPersonBP/Maps/ThirdPersonExampleMap.ThirdPersonExampleMap_C' with ClassGeneratedBy '/Game/ThirdPersonBP/Maps/ThirdPersonExampleMap.ThirdPersonExampleMap:PersistentLevel.ThirdPersonExampleMap'
[2017.08.29-07.56.55:528][603]LogPlayLevel: PlayLevel: No blueprints needed recompiling
[2017.08.29-07.56.55:528][603]PIE: New page: PIEセッション: ThirdPersonExampleMap (2017/08/30 1:56:55)
[2017.08.29-07.56.55:528][603]LogPlayLevel: Creating play world package: /Game/ThirdPersonBP/Maps/UEDPIE_0_ThirdPersonExampleMap
[2017.08.29-07.56.55:546][603]LogPlayLevel: PIE: StaticDuplicateObject took: (0.017687s)
[2017.08.29-07.56.55:546][603]LogAIModule: Creating AISystem for world ThirdPersonExampleMap
[2017.08.29-07.56.55:547][603]LogPlayLevel: PIE: World Init took: (0.000662s)
[2017.08.29-07.56.55:547][603]LogPlayLevel: PIE: Created PIE world by copying editor world from /Game/ThirdPersonBP/Maps/ThirdPersonExampleMap.ThirdPersonExampleMap to /Game/ThirdPersonBP/Maps/UEDPIE_0_ThirdPersonExampleMap.ThirdPersonExampleMap (0.018593s)
[2017.08.29-07.56.55:573][603]LogInit: XAudio2 using 'スピーカー / ヘッドホン (Realtek Audio)' : 2 channels at 48 kHz using 32 bits per sample (channel mask 0x3)
[2017.08.29-07.56.55:584][603]LogInit: FAudioDevice initialized.
[2017.08.29-07.56.55:614][603]LogLoad: Game class is 'ThirdPersonGameMode_C'
[2017.08.29-07.56.55:616][603]LogWorld: Bringing World /Game/ThirdPersonBP/Maps/UEDPIE_0_ThirdPersonExampleMap.ThirdPersonExampleMap up for play (max tick rate 0) at 2017.08.29-16.56.55
[2017.08.29-07.56.55:617][603]LogWorld: Bringing up level for play took: 0.002455
[2017.08.29-07.56.55:618][603]PIE: /Game/ThirdPersonBP/Maps/UEDPIE_0_ThirdPersonExampleMap 1.051のプレイ イン エディタの開始時間
[2017.08.29-07.56.55:619][603]LogBlueprintUserMessages: Late PlayInEditor Detection: Level '/Game/ThirdPersonBP/Maps/ThirdPersonExampleMap.ThirdPersonExampleMap:PersistentLevel' has LevelScriptBlueprint '/Game/ThirdPersonBP/Maps/ThirdPersonExampleMap.ThirdPersonExampleMap:PersistentLevel.ThirdPersonExampleMap' with GeneratedClass '/Game/ThirdPersonBP/Maps/ThirdPersonExampleMap.ThirdPersonExampleMap_C' with ClassGeneratedBy '/Game/ThirdPersonBP/Maps/ThirdPersonExampleMap.ThirdPersonExampleMap:PersistentLevel.ThirdPersonExampleMap'
[2017.08.29-07.57.11:312][478]LogSpawn: Warning: SpawnActor failed because of collision at the spawn location [X=895.411 Y=1297.027 Z=218.312] for [EnemyCharacter_C]
[2017.08.29-07.57.14:030][804]LogSpawn: Warning: SpawnActor failed because of collision at the spawn location [X=861.027 Y=1331.402 Z=218.312] for [EnemyCharacter_C]
[2017.08.29-07.57.19:500][460]LogSpawn: Warning: SpawnActor failed because of collision at the spawn location [X=861.430 Y=1331.413 Z=218.312] for [EnemyCharacter_C]
[2017.08.29-07.57.37:320][598]LogSpawn: Warning: SpawnActor failed because of collision at the spawn location [X=910.920 Y=-1255.579 Z=218.312] for [EnemyCharacter_C]
[2017.08.29-07.57.40:238][948]LogSpawn: Warning: SpawnActor failed because of collision at the spawn location [X=910.920 Y=-1255.579 Z=218.312] for [EnemyCharacter_C]
[2017.08.29-07.57.44:564][467]LogSpawn: Warning: SpawnActor failed because of collision at the spawn location [X=911.000 Y=-1255.651 Z=218.312] for [EnemyCharacter_C]
[2017.08.29-07.57.48:943][992]LogSpawn: Warning: SpawnActor failed because of collision at the spawn location [X=911.000 Y=-1255.651 Z=218.312] for [EnemyCharacter_C]
[2017.08.29-07.57.53:356][521]LogSpawn: Warning: SpawnActor failed because of collision at the spawn location [X=911.000 Y=-1255.651 Z=218.312] for [EnemyCharacter_C]
[2017.08.29-07.57.58:439][128]LogSpawn: Warning: SpawnActor failed because of collision at the spawn location [X=911.000 Y=-1255.651 Z=218.312] for [EnemyCharacter_C]
[2017.08.29-07.58.01:110][446]LogSpawn: Warning: SpawnActor failed because of collision at the spawn location [X=911.000 Y=-1255.651 Z=218.312] for [EnemyCharacter_C]
[2017.08.29-07.58.16:386][258]LogSlate: Took 0.000886 seconds to synchronously load lazily loaded font '../../../Engine/Content/Slate/Fonts/Roboto-Light.ttf' (159K)
[2017.08.29-07.58.24:879][183]LogSpawn: Warning: SpawnActor failed because of collision at the spawn location [X=911.000 Y=-1255.651 Z=218.312] for [EnemyCharacter_C]
[2017.08.29-07.58.27:849][443]LogSpawn: Warning: SpawnActor failed because of collision at the spawn location [X=911.000 Y=-1255.651 Z=218.312] for [EnemyCharacter_C]
[2017.08.29-07.58.31:551][762]LogSpawn: Warning: SpawnActor failed because of collision at the spawn location [X=911.000 Y=-1255.651 Z=218.312] for [EnemyCharacter_C]
[2017.08.29-07.58.34:579][ 87]LogSpawn: Warning: SpawnActor failed because of collision at the spawn location [X=911.000 Y=-1255.651 Z=218.312] for [EnemyCharacter_C]
[2017.08.29-07.58.34:865][118]LogBlueprintUserMessages: Early EndPlayMap Detection: Level '/Game/ThirdPersonBP/Maps/ThirdPersonExampleMap.ThirdPersonExampleMap:PersistentLevel' has LevelScriptBlueprint '/Game/ThirdPersonBP/Maps/ThirdPersonExampleMap.ThirdPersonExampleMap:PersistentLevel.ThirdPersonExampleMap' with GeneratedClass '/Game/ThirdPersonBP/Maps/ThirdPersonExampleMap.ThirdPersonExampleMap_C' with ClassGeneratedBy '/Game/ThirdPersonBP/Maps/ThirdPersonExampleMap.ThirdPersonExampleMap:PersistentLevel.ThirdPersonExampleMap'
[2017.08.29-07.58.34:904][118]LogBlueprintUserMessages: Late EndPlayMap Detection: Level '/Game/ThirdPersonBP/Maps/ThirdPersonExampleMap.ThirdPersonExampleMap:PersistentLevel' has LevelScriptBlueprint '/Game/ThirdPersonBP/Maps/ThirdPersonExampleMap.ThirdPersonExampleMap:PersistentLevel.ThirdPersonExampleMap' with GeneratedClass '/Game/ThirdPersonBP/Maps/ThirdPersonExampleMap.ThirdPersonExampleMap_C' with ClassGeneratedBy '/Game/ThirdPersonBP/Maps/ThirdPersonExampleMap.ThirdPersonExampleMap:PersistentLevel.ThirdPersonExampleMap'
[2017.08.29-07.59.44:217][337]LogContentBrowser: Native class hierarchy updated for 'SkeletonEditor' in 0.0009 seconds. Added 1 classes and 2 folders.
[2017.08.29-07.59.44:494][337]LogActorComponent: RegisterComponentWithWorld: (/Engine/Transient.World_11:PersistentLevel.Actor_0.DebugSkelMeshComponent_0) Already registered. Aborting.
[2017.08.29-07.59.44:610][337]LogSkeletalMesh: USkeletalMeshComponent::InitArticulated : Bodies already created (/Engine/Transient.World_11:PersistentLevel.Actor_0.DebugSkelMeshComponent_0) - call TermArticulated first.
[2017.08.29-07.59.44:912][337]LogContentBrowser: Native class hierarchy updated for 'ClothingSystemEditorInterface' in 0.0006 seconds. Added 1 classes and 0 folders.
[2017.08.29-07.59.44:919][337]LogRenderer: Reallocating scene render targets to support 1236x896 Format 10 NumSamples 1 (Frame:1).
[2017.08.29-08.00.05:204][531]LogMaterial: Warning: Material /Game/StarterContent/Materials/M_Tech_Hex_Tile_Pulse.M_Tech_Hex_Tile_Pulse needed to have new flag set bUsedWithSkeletalMesh !
[2017.08.29-08.00.05:208][531]LogMaterial: Missing cached shader map for material M_Tech_Hex_Tile_Pulse, compiling. 
[2017.08.29-08.00.24:878][549]LogActorComponent: RegisterComponentWithWorld: (/Engine/Transient.World_13:PersistentLevel.Actor_1.DebugSkelMeshComponent_1) Already registered. Aborting.
[2017.08.29-08.00.24:911][549]LogSkeletalMesh: USkeletalMeshComponent::InitArticulated : Bodies already created (/Engine/Transient.World_13:PersistentLevel.Actor_1.DebugSkelMeshComponent_1) - call TermArticulated first.
[2017.08.29-08.00.27:647][827]Cmd: TRANSACTION UNDO
[2017.08.29-08.00.27:647][827]LogEditorTransaction: Undo Persona editor: material changed
[2017.08.29-08.00.27:755][827]LogActorComponent: RegisterComponentWithWorld: (/Engine/Transient.World_13:PersistentLevel.Actor_1.DebugSkelMeshComponent_1) Already registered. Aborting.
[2017.08.29-08.00.28:770][915]LogSavePackage: Save=46.72ms
[2017.08.29-08.00.28:770][915]LogSavePackage: Moving '../../../../../../Users/intern1134_1/Documents/Unreal Projects/MyProject_kitamura/Saved/SK_Mannequin906FE60147F345E8A1017C90F2289DF1.tmp' to '../../../../../../Users/intern1134_1/Documents/Unreal Projects/MyProject_kitamura/Content/Mannequin/Character/Mesh/SK_Mannequin.uasset'
[2017.08.29-08.00.28:772][915]LogSavePackage: Display: Finished SavePackage ../../../../../../Users/intern1134_1/Documents/Unreal Projects/MyProject_kitamura/Content/Mannequin/Character/Mesh/SK_Mannequin.uasset
[2017.08.29-08.00.33:554][142]Cmd: QUIT_EDITOR
[2017.08.29-08.00.33:609][142]LogExit: Preparing to exit.
[2017.08.29-08.00.34:145][142]LogDirectoryWatcher: A directory notification for 'D:/Users/intern1134_1/Documents/Unreal Projects/MyProject_kitamura/Content/' was aborted.
[2017.08.29-08.00.34:184][142]LogExit: Editor shut down
[2017.08.29-08.00.34:188][142]LogExit: Transaction tracking system shut down
[2017.08.29-08.00.34:399][142]LogDirectoryWatcher: A directory notification for '../../../Engine/Content/' was aborted.
[2017.08.29-08.00.34:399][142]LogDirectoryWatcher: A directory notification for '../../../../../../Users/intern1134_1/Documents/Unreal Projects/MyProject_kitamura/Content/' was aborted.
[2017.08.29-08.00.34:399][142]LogDirectoryWatcher: A directory notification for '../../../Engine/Plugins/2D/Paper2D/Content/' was aborted.
[2017.08.29-08.00.34:399][142]LogDirectoryWatcher: A directory notification for '../../../Engine/Plugins/Runtime/Oculus/OculusVR/Content/' was aborted.
[2017.08.29-08.00.34:399][142]LogDirectoryWatcher: A directory notification for '../../../Engine/Plugins/Runtime/Steam/SteamVR/Content/' was aborted.
[2017.08.29-08.00.34:498][142]LogExit: Object subsystem successfully closed.
[2017.08.29-08.00.34:521][142]LogD3D11RHI: Shutdown
[2017.08.29-08.00.34:521][142]LogD3D11RHI: CleanupD3DDevice
[2017.08.29-08.00.34:523][142]LogD3D11RHI: ~FD3D11DynamicRHI
[2017.08.29-08.00.34:529][142]LogModuleManager: Shutting down and abandoning module ClothingSystemEditorInterface (544)
[2017.08.29-08.00.34:529][142]LogModuleManager: Shutting down and abandoning module SkeletonEditor (542)
[2017.08.29-08.00.34:529][142]LogModuleManager: Shutting down and abandoning module SkeletalMeshEditor (540)
[2017.08.29-08.00.34:529][142]LogModuleManager: Shutting down and abandoning module BlueprintGraph (538)
[2017.08.29-08.00.34:529][142]LogModuleManager: Shutting down and abandoning module BlueprintProfiler (536)
[2017.08.29-08.00.34:529][142]LogModuleManager: Shutting down and abandoning module HierarchicalLODUtilities (534)
[2017.08.29-08.00.34:529][142]LogModuleManager: Shutting down and abandoning module MovieSceneCapture (532)
[2017.08.29-08.00.34:529][142]LogModuleManager: Shutting down and abandoning module HierarchicalLODOutliner (530)
[2017.08.29-08.00.34:529][142]LogModuleManager: Shutting down and abandoning module SceneOutliner (528)
[2017.08.29-08.00.34:529][142]LogModuleManager: Shutting down and abandoning module AddContentDialog (526)
[2017.08.29-08.00.34:529][142]LogDirectoryWatcher: A directory notification for 'D:/Program Files/Epic Games/UE_4.17/FeaturePacks/' was aborted.
[2017.08.29-08.00.34:531][142]LogModuleManager: Shutting down and abandoning module WidgetCarousel (525)
[2017.08.29-08.00.34:531][142]LogModuleManager: Shutting down and abandoning module EditorWidgets (522)
[2017.08.29-08.00.34:531][142]LogModuleManager: Shutting down and abandoning module CollectionManager (520)
[2017.08.29-08.00.34:531][142]LogDirectoryWatcher: A directory notification for 'D:/Users/intern1134_1/Documents/Unreal Projects/MyProject_kitamura/Content/Collections/' was aborted.
[2017.08.29-08.00.34:531][142]LogDirectoryWatcher: A directory notification for 'D:/Users/intern1134_1/Documents/Unreal Projects/MyProject_kitamura/Content/Developers/intern11341/Collections/' was aborted.
[2017.08.29-08.00.34:531][142]LogDirectoryWatcher: A directory notification for 'D:/Users/intern1134_1/Documents/Unreal Projects/MyProject_kitamura/Saved/Collections/' was aborted.
[2017.08.29-08.00.34:531][142]LogModuleManager: Shutting down and abandoning module StatsViewer (518)
[2017.08.29-08.00.34:531][142]LogModuleManager: Shutting down and abandoning module FoliageEdit (516)
[2017.08.29-08.00.34:531][142]LogModuleManager: Shutting down and abandoning module LandscapeEditor (514)
[2017.08.29-08.00.34:531][142]LogModuleManager: Shutting down and abandoning module MeshPaintMode (512)
[2017.08.29-08.00.34:531][142]LogModuleManager: Shutting down and abandoning module SceneDepthPickerMode (510)
[2017.08.29-08.00.34:531][142]LogModuleManager: Shutting down and abandoning module ActorPickerMode (508)
[2017.08.29-08.00.34:531][142]LogModuleManager: Shutting down and abandoning module GeometryMode (506)
[2017.08.29-08.00.34:531][142]LogModuleManager: Shutting down and abandoning module TextureAlignMode (504)
[2017.08.29-08.00.34:532][142]LogModuleManager: Shutting down and abandoning module BspMode (502)
[2017.08.29-08.00.34:532][142]LogModuleManager: Shutting down and abandoning module PIEPreviewDeviceProfileSelector (500)
[2017.08.29-08.00.34:532][142]LogModuleManager: Shutting down and abandoning module HardwareSurvey (498)
[2017.08.29-08.00.34:532][142]LogModuleManager: Shutting down and abandoning module SequenceRecorderSections (496)
[2017.08.29-08.00.34:532][142]LogModuleManager: Shutting down and abandoning module AutomationWorker (494)
[2017.08.29-08.00.34:532][142]LogModuleManager: Shutting down and abandoning module MatineeToLevelSequence (492)
[2017.08.29-08.00.34:532][142]LogModuleManager: Shutting down and abandoning module LevelSequenceEditor (490)
[2017.08.29-08.00.34:532][142]LogModuleManager: Shutting down and abandoning module PlacementMode (489)
[2017.08.29-08.00.34:532][142]LogModuleManager: Shutting down and abandoning module WmfMediaFactory (486)
[2017.08.29-08.00.34:532][142]LogModuleManager: Shutting down and abandoning module WmfMediaEditor (484)
[2017.08.29-08.00.34:532][142]LogModuleManager: Shutting down and abandoning module AvfMediaFactory (482)
[2017.08.29-08.00.34:532][142]LogModuleManager: Shutting down and abandoning module AvfMediaEditor (480)
[2017.08.29-08.00.34:532][142]LogModuleManager: Shutting down and abandoning module AndroidMediaFactory (478)
[2017.08.29-08.00.34:532][142]LogModuleManager: Shutting down and abandoning module Media (477)
[2017.08.29-08.00.34:532][142]LogModuleManager: Shutting down and abandoning module AndroidMediaEditor (474)
[2017.08.29-08.00.34:532][142]LogModuleManager: Shutting down and abandoning module CharacterAI (472)
[2017.08.29-08.00.34:532][142]LogModuleManager: Shutting down and abandoning module AudioCapture (470)
[2017.08.29-08.00.34:532][142]LogModuleManager: Shutting down and abandoning module SequenceRecorder (469)
[2017.08.29-08.00.34:532][142]LogModuleManager: Shutting down and abandoning module SmartSnapping (466)
[2017.08.29-08.00.34:532][142]LogModuleManager: Shutting down and abandoning module SessionServices (464)
[2017.08.29-08.00.34:532][142]LogModuleManager: Shutting down and abandoning module ViewportSnapping (462)
[2017.08.29-08.00.34:532][142]LogModuleManager: Shutting down and abandoning module ViewportInteraction (460)
[2017.08.29-08.00.34:532][142]LogModuleManager: Shutting down and abandoning module ClothPainter (458)
[2017.08.29-08.00.34:532][142]LogModuleManager: Shutting down and abandoning module LogVisualizer (456)
[2017.08.29-08.00.34:532][142]LogModuleManager: Shutting down and abandoning module IntroTutorials (454)
[2017.08.29-08.00.34:532][142]LogModuleManager: Shutting down and abandoning module GameProjectGeneration (453)
[2017.08.29-08.00.34:532][142]LogModuleManager: Shutting down and abandoning module IOSPlatformEditor (450)
[2017.08.29-08.00.34:532][142]LogModuleManager: Shutting down and abandoning module HTML5PlatformEditor (448)
[2017.08.29-08.00.34:532][142]LogModuleManager: Shutting down and abandoning module AndroidPlatformEditor (446)
[2017.08.29-08.00.34:532][142]LogModuleManager: Shutting down and abandoning module AndroidDeviceDetection (445)
[2017.08.29-08.00.35:084][142]LogModuleManager: Shutting down and abandoning module WindowsPlatformEditor (442)
[2017.08.29-08.00.35:084][142]LogModuleManager: Shutting down and abandoning module IOSRuntimeSettings (440)
[2017.08.29-08.00.35:084][142]LogModuleManager: Shutting down and abandoning module AndroidRuntimeSettings (438)
[2017.08.29-08.00.35:085][142]LogModuleManager: Shutting down and abandoning module InputBindingEditor (436)
[2017.08.29-08.00.35:085][142]LogModuleManager: Shutting down and abandoning module MergeActors (434)
[2017.08.29-08.00.35:085][142]LogModuleManager: Shutting down and abandoning module SizeMap (432)
[2017.08.29-08.00.35:085][142]LogModuleManager: Shutting down and abandoning module TreeMap (430)
[2017.08.29-08.00.35:085][142]LogModuleManager: Shutting down and abandoning module ReferenceViewer (428)
[2017.08.29-08.00.35:085][142]LogModuleManager: Shutting down and abandoning module LocalizationDashboard (426)
[2017.08.29-08.00.35:085][142]LogModuleManager: Shutting down and abandoning module LocalizationService (425)
[2017.08.29-08.00.35:085][142]LogModuleManager: Shutting down and abandoning module HardwareTargeting (422)
[2017.08.29-08.00.35:085][142]LogModuleManager: Shutting down and abandoning module DeviceProfileEditor (420)
[2017.08.29-08.00.35:085][142]LogModuleManager: Shutting down and abandoning module UndoHistory (418)
[2017.08.29-08.00.35:085][142]LogModuleManager: Shutting down and abandoning module XmlParser (416)
[2017.08.29-08.00.35:085][142]LogModuleManager: Shutting down and abandoning module Blutility (414)
[2017.08.29-08.00.35:085][142]LogModuleManager: Shutting down and abandoning module ProjectSettingsViewer (412)
[2017.08.29-08.00.35:085][142]LogModuleManager: Shutting down and abandoning module ProjectTargetPlatformEditor (411)
[2017.08.29-08.00.35:086][142]LogModuleManager: Shutting down and abandoning module EditorSettingsViewer (408)
[2017.08.29-08.00.35:086][142]LogModuleManager: Shutting down and abandoning module SettingsEditor (406)
[2017.08.29-08.00.35:086][142]LogModuleManager: Shutting down and abandoning module ProjectLauncher (404)
[2017.08.29-08.00.35:086][142]LogModuleManager: Shutting down and abandoning module SessionFrontend (402)
[2017.08.29-08.00.35:086][142]LogModuleManager: Shutting down and abandoning module ProfilerClient (400)
[2017.08.29-08.00.35:086][142]LogModuleManager: Shutting down and abandoning module DeviceManager (398)
[2017.08.29-08.00.35:086][142]LogModuleManager: Shutting down and abandoning module TargetDeviceServices (397)
[2017.08.29-08.00.35:126][142]LogModuleManager: Shutting down and abandoning module AutomationController (394)
[2017.08.29-08.00.35:126][142]LogModuleManager: Shutting down and abandoning module AutomationWindow (392)
[2017.08.29-08.00.35:126][142]LogModuleManager: Shutting down and abandoning module Layers (390)
[2017.08.29-08.00.35:126][142]LogModuleManager: Shutting down and abandoning module ComponentVisualizers (388)
[2017.08.29-08.00.35:126][142]LogModuleManager: Shutting down and abandoning module DetailCustomizations (386)
[2017.08.29-08.00.35:126][142]LogModuleManager: Shutting down and abandoning module PackagesDialog (384)
[2017.08.29-08.00.35:127][142]LogModuleManager: Shutting down and abandoning module Persona (382)
[2017.08.29-08.00.35:127][142]LogModuleManager: Shutting down and abandoning module AdvancedPreviewScene (381)
[2017.08.29-08.00.35:127][142]LogModuleManager: Shutting down and abandoning module AnimGraph (379)
[2017.08.29-08.00.35:127][142]LogModuleManager: Shutting down and abandoning module Kismet (376)
[2017.08.29-08.00.35:141][142]LogModuleManager: Shutting down and abandoning module ClassViewer (374)
[2017.08.29-08.00.35:141][142]LogModuleManager: Shutting down and abandoning module Toolbox (372)
[2017.08.29-08.00.35:141][142]LogModuleManager: Shutting down and abandoning module ModuleUI (370)
[2017.08.29-08.00.35:141][142]LogModuleManager: Shutting down and abandoning module MovieSceneTools (368)
[2017.08.29-08.00.35:141][142]LogModuleManager: Shutting down and abandoning module OutputLog (366)
[2017.08.29-08.00.35:142][142]LogModuleManager: Shutting down and abandoning module GammaUI (364)
[2017.08.29-08.00.35:142][142]LogModuleManager: Shutting down and abandoning module Documentation (362)
[2017.08.29-08.00.35:142][142]LogModuleManager: Shutting down and abandoning module MovieSceneTracks (360)
[2017.08.29-08.00.35:142][142]LogModuleManager: Shutting down and abandoning module MovieScene (358)
[2017.08.29-08.00.35:142][142]LogModuleManager: Shutting down and abandoning module Niagara (356)
[2017.08.29-08.00.35:142][142]LogModuleManager: Shutting down and abandoning module NiagaraEditor (355)
[2017.08.29-08.00.35:142][142]LogModuleManager: Shutting down and abandoning module StreamingPauseRendering (352)
[2017.08.29-08.00.35:142][142]LogModuleManager: Shutting down and abandoning module LauncherPlatform (350)
[2017.08.29-08.00.35:142][142]LogModuleManager: Shutting down and abandoning module AnalyticsET (348)
[2017.08.29-08.00.35:142][142]LogModuleManager: Shutting down and abandoning module PortalServices (346)
[2017.08.29-08.00.35:142][142]LogModuleManager: Shutting down and abandoning module PortalRpc (344)
[2017.08.29-08.00.35:142][142]LogModuleManager: Shutting down and abandoning module MessagingRpc (342)
[2017.08.29-08.00.35:142][142]LogModuleManager: Shutting down and abandoning module AIModule (340)
[2017.08.29-08.00.35:142][142]LogModuleManager: Shutting down and abandoning module GameplayDebugger (339)
[2017.08.29-08.00.35:142][142]LogModuleManager: Shutting down and abandoning module AITestSuite (337)
[2017.08.29-08.00.35:142][142]LogModuleManager: Shutting down and abandoning module ProfilerService (334)
[2017.08.29-08.00.35:209][142]LogModuleManager: Shutting down and abandoning module TaskGraph (332)
[2017.08.29-08.00.35:210][142]LogModuleManager: Shutting down and abandoning module SteamVRController (330)
[2017.08.29-08.00.35:210][142]LogModuleManager: Shutting down and abandoning module ProceduralMeshComponentEditor (328)
[2017.08.29-08.00.35:210][142]LogModuleManager: Shutting down and abandoning module ProceduralMeshComponent (326)
[2017.08.29-08.00.35:210][142]LogModuleManager: Shutting down and abandoning module OculusInput (324)
[2017.08.29-08.00.35:210][142]LogModuleManager: Shutting down and abandoning module MobilePatchingUtils (322)
[2017.08.29-08.00.35:210][142]LogModuleManager: Shutting down and abandoning module CustomMeshComponent (320)
[2017.08.29-08.00.35:210][142]LogModuleManager: Shutting down and abandoning module CableComponent (318)
[2017.08.29-08.00.35:210][142]LogModuleManager: Shutting down and abandoning module ArchVisCharacter (316)
[2017.08.29-08.00.35:210][142]LogModuleManager: Shutting down and abandoning module AndroidPermission (314)
[2017.08.29-08.00.35:210][142]LogModuleManager: Shutting down and abandoning module MediaPlayerEditor (310)
[2017.08.29-08.00.35:210][142]LogModuleManager: Shutting down and abandoning module HTML5Networking (308)
[2017.08.29-08.00.35:210][142]LogModuleManager: Shutting down and abandoning module AlembicImporter (306)
[2017.08.29-08.00.35:210][142]LogModuleManager: Shutting down and abandoning module AlembicLibrary (305)
[2017.08.29-08.00.35:210][142]LogModuleManager: Shutting down and abandoning module GeometryCache (304)
[2017.08.29-08.00.35:210][142]LogModuleManager: Shutting down and abandoning module GeometryCacheEd (303)
[2017.08.29-08.00.35:210][142]LogModuleManager: Shutting down and abandoning module SpeedTreeImporter (298)
[2017.08.29-08.00.35:210][142]LogModuleManager: Shutting down and abandoning module PluginBrowser (296)
[2017.08.29-08.00.35:210][142]LogModuleManager: Shutting down and abandoning module MobileLauncherProfileWizard (294)
[2017.08.29-08.00.35:211][142]LogModuleManager: Shutting down and abandoning module VisualStudioSourceCodeAccess (292)
[2017.08.29-08.00.35:211][142]LogModuleManager: Shutting down and abandoning module DesktopPlatform (291)
[2017.08.29-08.00.35:211][142]LogModuleManager: Shutting down and abandoning module UObjectPlugin (288)
[2017.08.29-08.00.35:211][142]LogModuleManager: Shutting down and abandoning module SubversionSourceControl (286)
[2017.08.29-08.00.35:211][142]LogModuleManager: Shutting down and abandoning module PerforceSourceControl (284)
[2017.08.29-08.00.35:211][142]LogModuleManager: Shutting down and abandoning module GitSourceControl (282)
[2017.08.29-08.00.35:211][142]LogModuleManager: Shutting down and abandoning module SourceControl (281)
[2017.08.29-08.00.35:211][142]LogModuleManager: Shutting down and abandoning module LightPropagationVolumeEditor (278)
[2017.08.29-08.00.35:211][142]LogModuleManager: Shutting down and abandoning module PaperTiledImporter (276)
[2017.08.29-08.00.35:211][142]LogModuleManager: Shutting down and abandoning module PaperSpriteSheetImporter (274)
[2017.08.29-08.00.35:211][142]LogModuleManager: Shutting down and abandoning module Paper2DEditor (272)
[2017.08.29-08.00.35:211][142]LogModuleManager: Shutting down and abandoning module MeshPaint (271)
[2017.08.29-08.00.35:211][142]LogModuleManager: Shutting down and abandoning module LevelEditor (269)
[2017.08.29-08.00.35:213][142]LogModuleManager: Shutting down and abandoning module PixelInspectorModule (268)
[2017.08.29-08.00.35:213][142]LogModuleManager: Shutting down and abandoning module MainFrame (266)
[2017.08.29-08.00.35:213][142]LogModuleManager: Shutting down and abandoning module HotReload (265)
[2017.08.29-08.00.35:214][142]LogModuleManager: Shutting down and abandoning module RuntimePhysXCooking (260)
[2017.08.29-08.00.35:214][142]LogModuleManager: Shutting down and abandoning module PhysXVehiclesEditor (258)
[2017.08.29-08.00.35:214][142]LogModuleManager: Shutting down and abandoning module PhysXVehicles (256)
[2017.08.29-08.00.35:214][142]LogModuleManager: Shutting down and abandoning module OculusEditor (254)
[2017.08.29-08.00.35:214][142]LogModuleManager: Shutting down and abandoning module LocationServicesBPLibrary (252)
[2017.08.29-08.00.35:214][142]LogModuleManager: Shutting down and abandoning module ImmediatePhysicsEditor (250)
[2017.08.29-08.00.35:214][142]LogModuleManager: Shutting down and abandoning module ImmediatePhysics (248)
[2017.08.29-08.00.35:214][142]LogModuleManager: Shutting down and abandoning module UdpMessaging (246)
[2017.08.29-08.00.35:314][142]LogModuleManager: Shutting down and abandoning module TcpMessaging (244)
[2017.08.29-08.00.35:414][142]LogModuleManager: Shutting down and abandoning module GameplayTagsEditor (242)
[2017.08.29-08.00.35:414][142]LogModuleManager: Shutting down and abandoning module FacialAnimationEditor (240)
[2017.08.29-08.00.35:414][142]LogModuleManager: Shutting down and abandoning module FacialAnimation (238)
[2017.08.29-08.00.35:414][142]LogModuleManager: Shutting down and abandoning module AssetManagerEditor (236)
[2017.08.29-08.00.35:414][142]LogModuleManager: Shutting down and abandoning module GraphEditor (235)
[2017.08.29-08.00.35:414][142]LogModuleManager: Shutting down and abandoning module ContentBrowser (233)
[2017.08.29-08.00.35:416][142]LogModuleManager: Shutting down and abandoning module LightPropagationVolumeRuntime (230)
[2017.08.29-08.00.35:416][142]LogModuleManager: Shutting down and abandoning module Paper2D (228)
[2017.08.29-08.00.35:416][142]LogModuleManager: Shutting down and abandoning module WindowsMoviePlayer (226)
[2017.08.29-08.00.35:416][142]LogModuleManager: Shutting down and abandoning module WmfMedia (224)
[2017.08.29-08.00.35:418][142]LogModuleManager: Shutting down and abandoning module PacketHandler (222)
[2017.08.29-08.00.35:418][142]LogModuleManager: Shutting down and abandoning module ClothingSystemEditor (220)
[2017.08.29-08.00.35:418][142]LogModuleManager: Shutting down and abandoning module ClothingSystemRuntime (218)
[2017.08.29-08.00.35:418][142]LogModuleManager: Shutting down and abandoning module Overlay (216)
[2017.08.29-08.00.35:418][142]LogModuleManager: Shutting down and abandoning module OverlayEditor (215)
[2017.08.29-08.00.35:418][142]LogModuleManager: Shutting down and abandoning module MediaAssets (212)
[2017.08.29-08.00.35:418][142]LogModuleManager: Shutting down and abandoning module VREditor (210)
[2017.08.29-08.00.35:418][142]LogModuleManager: Shutting down and abandoning module StringTableEditor (208)
[2017.08.29-08.00.35:418][142]LogModuleManager: Shutting down and abandoning module GameplayTasksEditor (206)
[2017.08.29-08.00.35:418][142]LogModuleManager: Shutting down and abandoning module BehaviorTreeEditor (204)
[2017.08.29-08.00.35:418][142]LogModuleManager: Shutting down and abandoning module FunctionalTesting (202)
[2017.08.29-08.00.35:418][142]LogModuleManager: Shutting down and abandoning module CollisionAnalyzer (200)
[2017.08.29-08.00.35:418][142]LogModuleManager: Shutting down and abandoning module WorkspaceMenuStructure (199)
[2017.08.29-08.00.35:418][142]LogModuleManager: Shutting down and abandoning module UMG (196)
[2017.08.29-08.00.35:418][142]LogModuleManager: Shutting down and abandoning module UMGEditor (195)
[2017.08.29-08.00.35:419][142]LogModuleManager: Shutting down and abandoning module Sequencer (194)
[2017.08.29-08.00.35:419][142]LogModuleManager: Shutting down and abandoning module MessageLog (191)
[2017.08.29-08.00.35:419][142]LogModuleManager: Shutting down and abandoning module SlateReflector (186)
[2017.08.29-08.00.35:419][142]LogModuleManager: Shutting down and abandoning module Slate (184)
[2017.08.29-08.00.35:419][142]LogModuleManager: Shutting down and abandoning module EditorStyle (182)
[2017.08.29-08.00.35:423][142]LogModuleManager: Shutting down and abandoning module MRMesh (180)
[2017.08.29-08.00.35:423][142]LogModuleManager: Shutting down and abandoning module SourceCodeAccess (178)
[2017.08.29-08.00.35:423][142]LogModuleManager: Shutting down and abandoning module HeadMountedDisplay (176)
[2017.08.29-08.00.35:423][142]LogModuleManager: Shutting down and abandoning module XAudio2 (174)
[2017.08.29-08.00.35:423][142]LogModuleManager: Shutting down and abandoning module Networking (172)
[2017.08.29-08.00.35:423][142]LogModuleManager: Shutting down and abandoning module Core (168)
[2017.08.29-08.00.35:423][142]LogModuleManager: Shutting down and abandoning module KismetCompiler (164)
[2017.08.29-08.00.35:424][142]LogModuleManager: Shutting down and abandoning module MeshUtilities (162)
[2017.08.29-08.00.35:424][142]LogModuleManager: Shutting down and abandoning module MeshMergeUtilities (161)
[2017.08.29-08.00.35:424][142]LogModuleManager: Shutting down and abandoning module MeshReductionInterface (160)
[2017.08.29-08.00.35:424][142]LogModuleManager: Shutting down and abandoning module SimplygonSwarm (159)
[2017.08.29-08.00.35:424][142]LogModuleManager: Shutting down and abandoning module SimplygonMeshReduction (157)
[2017.08.29-08.00.35:424][142]LogModuleManager: Shutting down and abandoning module QuadricMeshReduction (155)
[2017.08.29-08.00.35:424][142]LogModuleManager: Shutting down and abandoning module MaterialBaking (151)
[2017.08.29-08.00.35:424][142]LogModuleManager: Shutting down and abandoning module LevelSequence (148)
[2017.08.29-08.00.35:424][142]LogModuleManager: Shutting down and abandoning module DirectoryWatcher (146)
[2017.08.29-08.00.35:425][142]LogModuleManager: Shutting down and abandoning module DerivedDataCache (144)
[2017.08.29-08.00.35:434][142]LogDerivedDataCache: Shutdown
[2017.08.29-08.00.35:434][142]LogModuleManager: Shutting down and abandoning module TargetPlatform (142)
[2017.08.29-08.00.35:434][142]LogModuleManager: Shutting down and abandoning module VulkanShaderFormat (141)
[2017.08.29-08.00.35:434][142]LogModuleManager: Shutting down and abandoning module ShaderFormatVectorVM (139)
[2017.08.29-08.00.35:434][142]LogModuleManager: Shutting down and abandoning module ShaderFormatOpenGL (137)
[2017.08.29-08.00.35:434][142]LogModuleManager: Shutting down and abandoning module ShaderFormatD3D (135)
[2017.08.29-08.00.35:434][142]LogModuleManager: Shutting down and abandoning module MetalShaderFormat (133)
[2017.08.29-08.00.35:435][142]LogModuleManager: Shutting down and abandoning module TextureFormatUncompressed (131)
[2017.08.29-08.00.35:435][142]LogModuleManager: Shutting down and abandoning module TextureFormatPVR (129)
[2017.08.29-08.00.35:435][142]LogModuleManager: Shutting down and abandoning module TextureFormatDXT (127)
[2017.08.29-08.00.35:435][142]LogModuleManager: Shutting down and abandoning module TextureFormatIntelISPCTexComp (125)
[2017.08.29-08.00.35:435][142]LogModuleManager: Shutting down and abandoning module TextureFormatASTC (123)
[2017.08.29-08.00.35:435][142]LogModuleManager: Shutting down and abandoning module ImageWrapper (122)
[2017.08.29-08.00.35:435][142]LogModuleManager: Shutting down and abandoning module TextureFormatAndroid (119)
[2017.08.29-08.00.35:435][142]LogModuleManager: Shutting down and abandoning module AudioFormatOpus (117)
[2017.08.29-08.00.35:435][142]LogModuleManager: Shutting down and abandoning module AudioFormatOgg (115)
[2017.08.29-08.00.35:435][142]LogModuleManager: Shutting down and abandoning module AudioFormatADPCM (113)
[2017.08.29-08.00.35:435][142]LogModuleManager: Shutting down and abandoning module LinuxTargetPlatform (111)
[2017.08.29-08.00.35:435][142]LogModuleManager: Shutting down and abandoning module LinuxServerTargetPlatform (109)
[2017.08.29-08.00.35:435][142]LogModuleManager: Shutting down and abandoning module LinuxNoEditorTargetPlatform (107)
[2017.08.29-08.00.35:435][142]LogModuleManager: Shutting down and abandoning module LinuxClientTargetPlatform (105)
[2017.08.29-08.00.35:435][142]LogModuleManager: Shutting down and abandoning module TVOSTargetPlatform (103)
[2017.08.29-08.00.35:435][142]LogModuleManager: Shutting down and abandoning module Messaging (101)
[2017.08.29-08.00.35:435][142]LogModuleManager: Shutting down and abandoning module IOSTargetPlatform (99)
[2017.08.29-08.00.35:435][142]LogModuleManager: Shutting down and abandoning module HTML5TargetPlatform (97)
[2017.08.29-08.00.35:435][142]LogModuleManager: Shutting down and abandoning module Android_PVRTCTargetPlatform (95)
[2017.08.29-08.00.35:435][142]LogModuleManager: Shutting down and abandoning module Android_MultiTargetPlatform (93)
[2017.08.29-08.00.35:435][142]LogModuleManager: Shutting down and abandoning module Android_ETC2TargetPlatform (91)
[2017.08.29-08.00.35:435][142]LogModuleManager: Shutting down and abandoning module Android_ETC1TargetPlatform (89)
[2017.08.29-08.00.35:436][142]LogModuleManager: Shutting down and abandoning module Android_DXTTargetPlatform (87)
[2017.08.29-08.00.35:436][142]LogModuleManager: Shutting down and abandoning module Android_ATCTargetPlatform (85)
[2017.08.29-08.00.35:436][142]LogModuleManager: Shutting down and abandoning module Android_ASTCTargetPlatform (83)
[2017.08.29-08.00.35:436][142]LogModuleManager: Shutting down and abandoning module AndroidTargetPlatform (81)
[2017.08.29-08.00.35:436][142]LogModuleManager: Shutting down and abandoning module WindowsTargetPlatform (79)
[2017.08.29-08.00.35:436][142]LogModuleManager: Shutting down and abandoning module WindowsServerTargetPlatform (77)
[2017.08.29-08.00.35:436][142]LogModuleManager: Shutting down and abandoning module WindowsNoEditorTargetPlatform (75)
[2017.08.29-08.00.35:436][142]LogModuleManager: Shutting down and abandoning module WindowsClientTargetPlatform (73)
[2017.08.29-08.00.35:436][142]LogModuleManager: Shutting down and abandoning module MacTargetPlatform (71)
[2017.08.29-08.00.35:436][142]LogModuleManager: Shutting down and abandoning module MacServerTargetPlatform (69)
[2017.08.29-08.00.35:436][142]LogModuleManager: Shutting down and abandoning module MacNoEditorTargetPlatform (67)
[2017.08.29-08.00.35:436][142]LogModuleManager: Shutting down and abandoning module MacClientTargetPlatform (65)
[2017.08.29-08.00.35:436][142]LogModuleManager: Shutting down and abandoning module AllDesktopTargetPlatform (63)
[2017.08.29-08.00.35:436][142]LogModuleManager: Shutting down and abandoning module InputCore (60)
[2017.08.29-08.00.35:436][142]LogModuleManager: Shutting down and abandoning module Settings (58)
[2017.08.29-08.00.35:436][142]LogModuleManager: Shutting down and abandoning module PhysXCooking (56)
[2017.08.29-08.00.35:436][142]LogModuleManager: Shutting down and abandoning module SteamVR (54)
[2017.08.29-08.00.35:436][142]LogModuleManager: Shutting down and abandoning module OculusHMD (52)
[2017.08.29-08.00.35:436][142]LogModuleManager: Shutting down and abandoning module ExampleDeviceProfileSelector (50)
[2017.08.29-08.00.35:436][142]LogModuleManager: Shutting down and abandoning module OnlineBlueprintSupport (48)
[2017.08.29-08.00.35:436][142]LogModuleManager: Shutting down and abandoning module OnlineSubsystem (44)
[2017.08.29-08.00.35:436][142]LogOnline: Display: Unloading online subsystem: NULL
[2017.08.29-08.00.35:436][142]LogModuleManager: Shutting down and abandoning module XMPP (43)
[2017.08.29-08.00.35:437][142]LogModuleManager: Shutting down and abandoning module HTTP (41)
[2017.08.29-08.00.35:437][142]LogHttp: Display: Http module shutting down, but needs to wait on 1 outstanding Http requests:
[2017.08.29-08.00.35:437][142]LogHttp: Display: 	verb=[POST] url=[https://datarouter.ol.epicgames.com/datarouter/api/v1/public/data?SessionID=%7B8B98A3EC-4584-364E-F32D-D684E55F8A65%7D&AppID=UEEditor.Rocket.Release&AppVersion=4.17.1-3586342%2B%2B%2BUE4%2BRelease-4.17&UserID=5aaff8234db9db58b66c81bfccd7d7f4%7C453ffad660a9476da26d19236a80d745%7Cc631348b-f9f1-4a84-b6f9-120fb4d1a0e0&AppEnvironment=datacollector-binary&UploadType=eteventstream] status=Processing
[2017.08.29-08.00.35:456][142]LogModuleManager: Shutting down and abandoning module SSL (40)
[2017.08.29-08.00.35:458][142]LogModuleManager: Shutting down and abandoning module AnimationModifiers (36)
[2017.08.29-08.00.35:458][142]LogModuleManager: Shutting down and abandoning module PropertyEditor (35)
[2017.08.29-08.00.35:458][142]LogModuleManager: Shutting down and abandoning module AudioEditor (32)
[2017.08.29-08.00.35:458][142]LogModuleManager: Shutting down and abandoning module TextureCompressor (30)
[2017.08.29-08.00.35:458][142]LogModuleManager: Shutting down and abandoning module ShaderCore (28)
[2017.08.29-08.00.35:458][142]LogModuleManager: Shutting down and abandoning module Landscape (26)
[2017.08.29-08.00.35:458][142]LogModuleManager: Shutting down and abandoning module SlateRHIRenderer (24)
[2017.08.29-08.00.35:462][142]LogModuleManager: Shutting down and abandoning module OpenGLDrv (22)
[2017.08.29-08.00.35:462][142]LogModuleManager: Shutting down and abandoning module D3D11RHI (20)
[2017.08.29-08.00.35:463][142]LogModuleManager: Shutting down and abandoning module AnimGraphRuntime (18)
[2017.08.29-08.00.35:463][142]LogModuleManager: Shutting down and abandoning module Renderer (16)
[2017.08.29-08.00.35:463][142]LogModuleManager: Shutting down and abandoning module Engine (14)
[2017.08.29-08.00.35:463][142]LogModuleManager: Shutting down and abandoning module CoreUObject (12)
[2017.08.29-08.00.35:463][142]LogModuleManager: Shutting down and abandoning module NetworkFile (10)
[2017.08.29-08.00.35:463][142]LogModuleManager: Shutting down and abandoning module CookedIterativeFile (8)
[2017.08.29-08.00.35:463][142]LogModuleManager: Shutting down and abandoning module StreamingFile (6)
[2017.08.29-08.00.35:463][142]LogModuleManager: Shutting down and abandoning module SandboxFile (4)
[2017.08.29-08.00.35:463][142]LogModuleManager: Shutting down and abandoning module PakFile (2)
[2017.08.29-08.00.35:469][142]LogExit: Exiting.
[2017.08.29-08.00.35:509][142]Log file closed, 08/29/17 17:00:35
